<?xml version="1.0" encoding="UTF-8"?>
<!-- Generated by org.testng.reporters.JUnitXMLReporter -->
<testsuite ignored="0" hostname="LAPTOP-T01RK0FM" failures="0" tests="3" name="Página de Cadastro de usuários" time="19.662" errors="0" timestamp="29 jul 2020 21:46:31 GMT">
  <testcase classname="br.com.treinaweb.selenium.test.CadastroUsuarioTest" name="VerificarUsuarioPreenchidoTest" time="1.272"/>
  <testcase classname="br.com.treinaweb.selenium.test.CadastroUsuarioTest" name="NomeNaoPreenchidoTest" time="0.398"/>
  <testcase classname="br.com.treinaweb.selenium.test.CadastroUsuarioTest" name="VerificarEmailsDiferentesTests" time="0.525"/>
</testsuite> <!-- Página de Cadastro de usuários -->
