<?xml version="1.0" encoding="UTF-8"?>
<testng-results ignored="0" total="5" passed="5" failed="0" skipped="0">
  <reporter-output>
  </reporter-output>
  <suite started-at="2020-08-12T19:40:55Z" name="Default suite" finished-at="2020-08-12T19:41:49Z" duration-ms="53631">
    <groups>
    </groups>
    <test started-at="2020-08-12T19:40:55Z" name="Default test" finished-at="2020-08-12T19:41:49Z" duration-ms="53631">
      <class name="br.com.treinaweb.selenium.test.UploadTest">
        <test-method is-config="true" signature="setup()[pri:0, instance:br.com.treinaweb.selenium.test.UploadTest@1b1cfb87]" started-at="2020-08-12T16:40:56Z" name="setup" finished-at="2020-08-12T16:41:02Z" duration-ms="6549" status="PASS">
          <reporter-output>
          </reporter-output>
        </test-method> <!-- setup -->
        <test-method signature="testUpload()[pri:0, instance:br.com.treinaweb.selenium.test.UploadTest@1b1cfb87]" started-at="2020-08-12T16:41:02Z" name="testUpload" finished-at="2020-08-12T16:41:08Z" duration-ms="5548" status="PASS">
          <reporter-output>
          </reporter-output>
        </test-method> <!-- testUpload -->
        <test-method is-config="true" signature="afterTests()[pri:0, instance:br.com.treinaweb.selenium.test.UploadTest@1b1cfb87]" started-at="2020-08-12T16:41:08Z" name="afterTests" finished-at="2020-08-12T16:41:13Z" duration-ms="5661" status="PASS">
          <reporter-output>
          </reporter-output>
        </test-method> <!-- afterTests -->
      </class> <!-- br.com.treinaweb.selenium.test.UploadTest -->
      <class name="br.com.treinaweb.selenium.test.HelloSeleniumTest">
        <test-method is-config="true" signature="setup()[pri:0, instance:br.com.treinaweb.selenium.test.HelloSeleniumTest@821330f]" started-at="2020-08-12T16:41:13Z" name="setup" finished-at="2020-08-12T16:41:20Z" duration-ms="6443" status="PASS">
          <reporter-output>
          </reporter-output>
        </test-method> <!-- setup -->
        <test-method signature="testHelloSelenium()[pri:0, instance:br.com.treinaweb.selenium.test.HelloSeleniumTest@821330f]" started-at="2020-08-12T16:41:20Z" name="testHelloSelenium" finished-at="2020-08-12T16:41:23Z" duration-ms="3571" status="PASS">
          <reporter-output>
          </reporter-output>
        </test-method> <!-- testHelloSelenium -->
        <test-method is-config="true" signature="afterTests()[pri:0, instance:br.com.treinaweb.selenium.test.HelloSeleniumTest@821330f]" started-at="2020-08-12T16:41:23Z" name="afterTests" finished-at="2020-08-12T16:41:31Z" duration-ms="7642" status="PASS">
          <reporter-output>
          </reporter-output>
        </test-method> <!-- afterTests -->
      </class> <!-- br.com.treinaweb.selenium.test.HelloSeleniumTest -->
      <class name="br.com.treinaweb.selenium.test.CadastroUsuarioTest">
        <test-method is-config="true" signature="setup()[pri:0, instance:br.com.treinaweb.selenium.test.CadastroUsuarioTest@6f43c82]" started-at="2020-08-12T16:41:31Z" name="setup" finished-at="2020-08-12T16:41:37Z" duration-ms="5921" status="PASS">
          <reporter-output>
          </reporter-output>
        </test-method> <!-- setup -->
        <test-method is-config="true" signature="SetupPage()[pri:0, instance:br.com.treinaweb.selenium.test.CadastroUsuarioTest@6f43c82]" started-at="2020-08-12T16:41:37Z" name="SetupPage" finished-at="2020-08-12T16:41:39Z" duration-ms="2299" status="PASS">
          <reporter-output>
          </reporter-output>
        </test-method> <!-- SetupPage -->
        <test-method signature="NomeNaoPreenchidoTest()[pri:0, instance:br.com.treinaweb.selenium.test.CadastroUsuarioTest@6f43c82]" started-at="2020-08-12T16:41:39Z" name="NomeNaoPreenchidoTest" finished-at="2020-08-12T16:41:40Z" duration-ms="694" status="PASS">
          <reporter-output>
          </reporter-output>
        </test-method> <!-- NomeNaoPreenchidoTest -->
        <test-method is-config="true" signature="SetupPage()[pri:0, instance:br.com.treinaweb.selenium.test.CadastroUsuarioTest@6f43c82]" started-at="2020-08-12T16:41:40Z" name="SetupPage" finished-at="2020-08-12T16:41:40Z" duration-ms="103" status="PASS">
          <reporter-output>
          </reporter-output>
        </test-method> <!-- SetupPage -->
        <test-method signature="VerificarEmailsDiferentesTests()[pri:0, instance:br.com.treinaweb.selenium.test.CadastroUsuarioTest@6f43c82]" started-at="2020-08-12T16:41:40Z" name="VerificarEmailsDiferentesTests" finished-at="2020-08-12T16:41:40Z" duration-ms="466" status="PASS">
          <reporter-output>
          </reporter-output>
        </test-method> <!-- VerificarEmailsDiferentesTests -->
        <test-method is-config="true" signature="SetupPage()[pri:0, instance:br.com.treinaweb.selenium.test.CadastroUsuarioTest@6f43c82]" started-at="2020-08-12T16:41:40Z" name="SetupPage" finished-at="2020-08-12T16:41:40Z" duration-ms="64" status="PASS">
          <reporter-output>
          </reporter-output>
        </test-method> <!-- SetupPage -->
        <test-method signature="VerificarUsuarioPreenchidoTest()[pri:0, instance:br.com.treinaweb.selenium.test.CadastroUsuarioTest@6f43c82]" started-at="2020-08-12T16:41:40Z" name="VerificarUsuarioPreenchidoTest" finished-at="2020-08-12T16:41:42Z" duration-ms="1235" status="PASS">
          <reporter-output>
          </reporter-output>
        </test-method> <!-- VerificarUsuarioPreenchidoTest -->
        <test-method is-config="true" signature="afterTests()[pri:0, instance:br.com.treinaweb.selenium.test.CadastroUsuarioTest@6f43c82]" started-at="2020-08-12T16:41:42Z" name="afterTests" finished-at="2020-08-12T16:41:49Z" duration-ms="7400" status="PASS">
          <reporter-output>
          </reporter-output>
        </test-method> <!-- afterTests -->
      </class> <!-- br.com.treinaweb.selenium.test.CadastroUsuarioTest -->
    </test> <!-- Default test -->
  </suite> <!-- Default suite -->
</testng-results>
