<?xml version="1.0" encoding="UTF-8"?>
<!-- Generated by org.testng.reporters.JUnitXMLReporter -->
<testsuite ignored="0" hostname="LAPTOP-T01RK0FM" failures="0" tests="5" name="Default test" time="53.631" errors="0" timestamp="12 ago 2020 19:41:49 GMT">
  <testcase classname="br.com.treinaweb.selenium.test.UploadTest" name="testUpload" time="5.548"/>
  <testcase classname="br.com.treinaweb.selenium.test.HelloSeleniumTest" name="testHelloSelenium" time="3.571"/>
  <testcase classname="br.com.treinaweb.selenium.test.CadastroUsuarioTest" name="NomeNaoPreenchidoTest" time="0.694"/>
  <testcase classname="br.com.treinaweb.selenium.test.CadastroUsuarioTest" name="VerificarEmailsDiferentesTests" time="0.466"/>
  <testcase classname="br.com.treinaweb.selenium.test.CadastroUsuarioTest" name="VerificarUsuarioPreenchidoTest" time="1.235"/>
</testsuite> <!-- Default test -->
